- Nikto v2.1.6
---------------------------------------------------------------------------
+ Target IP:          10.10.157.157
+ Target Hostname:    10.10.157.157
+ Target Port:        80
+ Start Time:         2021-05-09 14:36:41 (GMT5.5)
---------------------------------------------------------------------------
+ Server: Apache/2.4.18 (Ubuntu)
+ The anti-clickjacking X-Frame-Options header is not present.
+ The X-XSS-Protection header is not defined. This header can hint to the user agent to protect against some forms of XSS
+ The X-Content-Type-Options header is not set. This could allow the user agent to render the content of the site in a different fashion to the MIME type
+ No CGI Directories found (use '-C all' to force check all possible dirs)
+ "robots.txt" contains 2 entries which should be manually viewed.
+ Server may leak inodes via ETags, header found with file /, inode: 2c39, size: 590523e6dfcd7, mtime: gzip
+ Apache/2.4.18 appears to be outdated (current is at least Apache/2.4.37). Apache 2.2.34 is the EOL for the 2.x branch.
+ Allowed HTTP Methods: POST, OPTIONS, GET, HEAD 
+ OSVDB-3233: /icons/README: Apache default file found.
+ 7866 requests: 0 error(s) and 8 item(s) reported on remote host
+ End Time:           2021-05-09 14:56:53 (GMT5.5) (1212 seconds)
---------------------------------------------------------------------------
+ 1 host(s) tested
